<?xml version="1.0" encoding="utf-8" standalone="no"?>
<!--This file represents the results of running a test suite-->
<test-results name="C:\projects\agile.net\MobWars_Google\get\src\MobWars.Test.Integration\bin\Debug\MobWars.Test.Integration.dll" total="8" errors="0" failures="0" not-run="0" inconclusive="0" ignored="0" skipped="0" invalid="0" date="2011-10-10" time="10:38:28">
  <environment nunit-version="2.5.10.11092" clr-version="2.0.50727.5446" os-version="Microsoft Windows NT 6.1.7601 Service Pack 1" platform="Win32NT" cwd="C:\projects\agile.net\MobWars_Google\get\src" machine-name="VMCRONOS001" user="user" user-domain="VMCronos001" />
  <culture-info current-culture="nl-BE" current-uiculture="en-US" />
  <test-suite type="Assembly" name="C:\projects\agile.net\MobWars_Google\get\src\MobWars.Test.Integration\bin\Debug\MobWars.Test.Integration.dll" executed="True" result="Success" success="True" time="9.890" asserts="0">
    <results>
      <test-suite type="Namespace" name="MobWars" executed="True" result="Success" success="True" time="9.884" asserts="0">
        <results>
          <test-suite type="Namespace" name="Test" executed="True" result="Success" success="True" time="9.883" asserts="0">
            <results>
              <test-suite type="Namespace" name="Integration" executed="True" result="Success" success="True" time="9.882" asserts="0">
                <results>
                  <test-suite type="TestFixture" name="MapperInstallerTest" executed="True" result="Success" success="True" time="1.027" asserts="0">
                    <results>
                      <test-case name="MobWars.Test.Integration.MapperInstallerTest.all_mappers_should_be_valid" executed="True" result="Success" success="True" time="0.984" asserts="0" />
                      <test-case name="MobWars.Test.Integration.MapperInstallerTest.container_should_contain_a_few_mappers" executed="True" result="Success" success="True" time="0.007" asserts="1" />
                      <test-case name="MobWars.Test.Integration.MapperInstallerTest.container_should_contain_the_generic_mapper" executed="True" result="Success" success="True" time="0.019" asserts="1" />
                    </results>
                  </test-suite>
                  <test-suite type="TestFixture" name="PlayerCrudTest" executed="True" result="Success" success="True" time="8.851" asserts="0">
                    <results>
                      <test-case name="MobWars.Test.Integration.PlayerCrudTest.player_should_be_able_to_buy_an_item" executed="True" result="Success" success="True" time="8.512" asserts="0" />
                      <test-case name="MobWars.Test.Integration.PlayerCrudTest.player_should_be_able_to_fight" executed="True" result="Success" success="True" time="0.289" asserts="0" />
                      <test-case name="MobWars.Test.Integration.PlayerCrudTest.player_should_not_be_fighting" executed="True" result="Success" success="True" time="0.011" asserts="0" />
                      <test-case name="MobWars.Test.Integration.PlayerCrudTest.player_should_not_have_items" executed="True" result="Success" success="True" time="0.008" asserts="0" />
                      <test-case name="MobWars.Test.Integration.PlayerCrudTest.should_be_able_to_get_Scott" executed="True" result="Success" success="True" time="0.008" asserts="0" />
                    </results>
                  </test-suite>
                </results>
              </test-suite>
            </results>
          </test-suite>
        </results>
      </test-suite>
    </results>
  </test-suite>
</test-results>